
> frontend@0.1.0 dev /Users/nekoya/mycats-pro/frontend
> next dev -p 3000

   ▲ Next.js 15.5.3
   - Local:        http://localhost:3000
   - Network:      http://192.168.1.6:3000
   - Experiments (use with caution):
     · optimizePackageImports

 ✓ Starting...
 ✓ Ready in 2.3s
 ✓ Compiled /middleware in 473ms (159 modules)
 ○ Compiling / ...
 ✓ Compiled / in 4.2s (1690 modules)
 GET / 200 in 4805ms
 GET / 200 in 317ms
 ○ Compiling /_not-found ...
 ✓ Compiled /_not-found in 1677ms (1695 modules)
 GET /manifest.json 404 in 2187ms
 ✓ Compiled /favicon.ico in 483ms (967 modules)
 GET /favicon.ico 200 in 669ms
 ○ Compiling /cats ...
 ✓ Compiled /cats in 2.2s (1833 modules)
 GET /cats 200 in 2422ms
 GET /manifest.json 404 in 325ms
 GET /manifest.json 404 in 121ms
 GET /manifest.json 404 in 50ms
 GET /manifest.json 404 in 58ms
 GET /manifest.json 404 in 73ms
 GET /manifest.json 404 in 60ms
 GET /manifest.json 404 in 54ms
 GET /manifest.json 404 in 53ms
 GET /manifest.json 404 in 61ms
 GET /manifest.json 404 in 48ms
 GET /manifest.json 404 in 89ms
 GET /manifest.json 404 in 50ms
 GET / 200 in 203ms
 GET /manifest.json 404 in 190ms
 GET /manifest.json 404 in 116ms
 ○ Compiling /login ...
 ✓ Compiled /login in 1331ms (1919 modules)
 GET /login?returnTo=%2F 200 in 1588ms
 GET /manifest.json 404 in 300ms
 GET / 200 in 41ms
 GET /manifest.json 404 in 54ms
 GET /cats 200 in 102ms
 GET /manifest.json 404 in 57ms
 GET /manifest.json 404 in 80ms
 GET /manifest.json 404 in 55ms
 GET /manifest.json 404 in 143ms
 GET /manifest.json 404 in 81ms
 GET /manifest.json 404 in 132ms
 GET /cats 200 in 298ms
 GET /manifest.json 404 in 172ms
 ○ Compiling /favicon.ico ...
 ✓ Compiled /favicon.ico in 844ms (1029 modules)
 GET /favicon.ico 200 in 1050ms
 GET /manifest.json 404 in 366ms
 ✓ Compiled in 1270ms (1883 modules)
 GET /cats 200 in 447ms
 GET /manifest.json 404 in 239ms
 GET /manifest.json 404 in 65ms
 GET /favicon.ico 200 in 163ms
 GET /manifest.json 404 in 58ms
 GET /manifest.json 404 in 51ms
 GET /manifest.json 404 in 154ms
 GET /manifest.json 404 in 59ms
 GET /manifest.json 404 in 78ms
 GET /manifest.json 404 in 57ms
 GET /manifest.json 404 in 76ms
 GET /manifest.json 404 in 108ms
 GET /manifest.json 404 in 59ms
 GET /manifest.json 404 in 97ms
 GET /manifest.json 404 in 56ms
 GET /manifest.json 404 in 62ms
 GET /manifest.json 404 in 67ms
 GET /manifest.json 404 in 156ms
 GET /manifest.json 404 in 89ms
 GET /manifest.json 404 in 57ms
 GET /manifest.json 404 in 46ms
 GET /manifest.json 404 in 56ms
 GET /manifest.json 404 in 148ms
 GET /manifest.json 404 in 52ms
 GET /manifest.json 404 in 49ms
 GET /manifest.json 404 in 54ms
 ✓ Compiled in 1654ms (1866 modules)
 GET /cats 200 in 586ms
 GET /manifest.json 404 in 145ms
 GET /manifest.json 404 in 58ms
 ✓ Compiled /favicon.ico in 324ms (1029 modules)
 GET /favicon.ico 200 in 481ms
 ✓ Compiled in 967ms (1883 modules)
 GET /cats 200 in 1294ms
 GET /favicon.ico 200 in 85ms
 ○ Compiling /breeding ...
 ✓ Compiled /breeding in 6.7s (1976 modules)
 GET /breeding 200 in 6912ms
 ✓ Compiled in 1777ms (1976 modules)
 GET /manifest.json 404 in 1382ms
 GET /manifest.json 404 in 57ms
 ✓ Compiled in 813ms (1976 modules)
 ✓ Compiled in 861ms (1976 modules)
 ✓ Compiled in 1077ms (1976 modules)
 GET /manifest.json 404 in 353ms
 GET /manifest.json 404 in 59ms
 GET /manifest.json 404 in 62ms
 GET /manifest.json 404 in 77ms
 GET /manifest.json 404 in 73ms
 GET /manifest.json 404 in 66ms
 GET /manifest.json 404 in 91ms
 GET /manifest.json 404 in 122ms
 GET /manifest.json 404 in 57ms
 GET /manifest.json 404 in 55ms
 ✓ Compiled in 1603ms (1959 modules)
 GET /manifest.json 404 in 446ms
 GET /manifest.json 404 in 97ms
 GET /manifest.json 404 in 53ms
 GET /manifest.json 404 in 57ms
 GET /manifest.json 404 in 281ms
 GET /manifest.json 404 in 95ms
 GET /manifest.json 404 in 59ms
 GET /manifest.json 404 in 55ms
 GET /manifest.json 404 in 53ms
 GET /manifest.json 404 in 155ms
 GET /manifest.json 404 in 95ms
 GET /manifest.json 404 in 50ms
 GET /manifest.json 404 in 52ms
 GET /manifest.json 404 in 68ms
 GET /manifest.json 404 in 49ms
 GET /manifest.json 404 in 66ms
 GET /manifest.json 404 in 67ms
 GET /manifest.json 404 in 55ms
 GET /manifest.json 404 in 54ms
 GET /manifest.json 404 in 44ms
 GET /manifest.json 404 in 49ms
 GET /manifest.json 404 in 55ms
 GET /manifest.json 404 in 51ms
 GET /manifest.json 404 in 65ms
 GET /manifest.json 404 in 153ms
 GET /manifest.json 404 in 60ms
 GET /manifest.json 404 in 49ms
 GET /manifest.json 404 in 46ms
 GET /manifest.json 404 in 112ms
 GET /manifest.json 404 in 78ms
 GET /manifest.json 404 in 69ms
 GET /manifest.json 404 in 218ms
 GET /manifest.json 404 in 74ms
 GET /manifest.json 404 in 49ms
 GET /manifest.json 404 in 108ms
 GET /manifest.json 404 in 116ms
 GET /manifest.json 404 in 59ms
 GET /manifest.json 404 in 48ms
 GET /manifest.json 404 in 47ms
 GET /manifest.json 404 in 46ms
 GET /manifest.json 404 in 51ms
 GET /manifest.json 404 in 68ms
 GET /manifest.json 404 in 46ms
 GET /manifest.json 404 in 52ms
 GET /manifest.json 404 in 68ms
 GET /manifest.json 404 in 72ms
 GET /manifest.json 404 in 57ms
 GET /manifest.json 404 in 56ms
 GET /manifest.json 404 in 55ms
 GET /manifest.json 404 in 48ms
 GET /manifest.json 404 in 56ms
 GET /manifest.json 404 in 44ms
 GET /manifest.json 404 in 48ms
 GET /manifest.json 404 in 53ms
 GET /manifest.json 404 in 75ms
 GET /manifest.json 404 in 57ms
 GET /manifest.json 404 in 53ms
 GET /manifest.json 404 in 59ms
 GET /manifest.json 404 in 136ms
 GET /manifest.json 404 in 73ms
 GET /manifest.json 404 in 77ms
 GET /manifest.json 404 in 51ms
 GET /manifest.json 404 in 63ms
 GET /manifest.json 404 in 60ms
 GET /manifest.json 404 in 57ms
 GET /manifest.json 404 in 58ms
 GET /manifest.json 404 in 151ms
 GET /manifest.json 404 in 57ms
 GET /manifest.json 404 in 46ms
 GET /manifest.json 404 in 48ms
 GET /manifest.json 404 in 50ms
 GET /manifest.json 404 in 44ms
 GET /manifest.json 404 in 46ms
 GET /manifest.json 404 in 57ms
 GET /manifest.json 404 in 46ms
 GET /manifest.json 404 in 132ms
 GET /manifest.json 404 in 180ms
 GET /manifest.json 404 in 48ms
 GET /manifest.json 404 in 46ms
 GET /manifest.json 404 in 64ms
 GET /manifest.json 404 in 48ms
 GET /manifest.json 404 in 48ms
 GET /manifest.json 404 in 51ms
 GET /manifest.json 404 in 48ms
 GET /manifest.json 404 in 44ms
 GET /manifest.json 404 in 104ms
 GET /manifest.json 404 in 65ms
 GET /manifest.json 404 in 45ms
 GET /manifest.json 404 in 49ms
 GET /manifest.json 404 in 47ms
 GET /manifest.json 404 in 47ms
 GET /manifest.json 404 in 50ms
 GET /manifest.json 404 in 135ms
 GET /manifest.json 404 in 77ms
 GET /manifest.json 404 in 57ms
 GET /manifest.json 404 in 69ms
 GET /manifest.json 404 in 46ms
 GET /manifest.json 404 in 44ms
 GET /manifest.json 404 in 49ms
 GET /manifest.json 404 in 50ms
 GET /manifest.json 404 in 94ms
 GET /manifest.json 404 in 51ms
 GET /manifest.json 404 in 60ms
 GET /manifest.json 404 in 52ms
 GET /manifest.json 404 in 61ms
 GET /manifest.json 404 in 63ms
 GET /manifest.json 404 in 57ms
 GET /manifest.json 404 in 49ms
 ✓ Compiled in 4.2s (1959 modules)
 GET /manifest.json 404 in 1218ms
 ✓ Compiled in 662ms (1959 modules)
 GET /manifest.json 404 in 337ms
 GET /manifest.json 404 in 54ms
 GET /manifest.json 404 in 60ms
 GET /manifest.json 404 in 49ms
 GET /manifest.json 404 in 62ms
 GET /manifest.json 404 in 55ms
 GET /manifest.json 404 in 87ms
 GET /manifest.json 404 in 174ms
 GET /manifest.json 404 in 79ms
 GET /manifest.json 404 in 81ms
 GET /manifest.json 404 in 56ms
 GET /manifest.json 404 in 51ms
 GET /manifest.json 404 in 70ms
 GET /manifest.json 404 in 103ms
 GET /manifest.json 404 in 69ms
 GET /manifest.json 404 in 52ms
 GET /manifest.json 404 in 72ms
 GET /manifest.json 404 in 51ms
 GET /manifest.json 404 in 51ms
 GET /manifest.json 404 in 55ms
 GET /manifest.json 404 in 45ms
 GET /manifest.json 404 in 52ms
 GET /manifest.json 404 in 62ms
 GET /manifest.json 404 in 61ms
 GET /manifest.json 404 in 55ms
 GET /manifest.json 404 in 52ms
 GET /manifest.json 404 in 54ms
 GET /manifest.json 404 in 56ms
 GET /manifest.json 404 in 55ms
 GET /manifest.json 404 in 55ms
 GET /manifest.json 404 in 62ms
 GET /manifest.json 404 in 54ms
 GET /manifest.json 404 in 66ms
 GET /manifest.json 404 in 319ms
 GET /manifest.json 404 in 52ms
 GET /manifest.json 404 in 50ms
 GET /manifest.json 404 in 56ms
 GET /manifest.json 404 in 138ms
 GET /manifest.json 404 in 48ms
 GET /manifest.json 404 in 54ms
 GET /manifest.json 404 in 49ms
 GET /manifest.json 404 in 50ms
 GET /manifest.json 404 in 48ms
 GET /manifest.json 404 in 59ms
 GET /manifest.json 404 in 242ms
 GET /manifest.json 404 in 58ms
 GET /manifest.json 404 in 47ms
 GET /manifest.json 404 in 51ms
 GET /manifest.json 404 in 54ms
 GET /manifest.json 404 in 48ms
 GET /manifest.json 404 in 55ms
 GET /manifest.json 404 in 52ms
 GET /manifest.json 404 in 51ms
 GET /manifest.json 404 in 54ms
 GET /manifest.json 404 in 48ms
 GET /manifest.json 404 in 48ms
 GET /manifest.json 404 in 154ms
 GET /manifest.json 404 in 162ms
 GET /manifest.json 404 in 59ms
 GET /manifest.json 404 in 71ms
 GET /manifest.json 404 in 58ms
 GET /manifest.json 404 in 52ms
 GET /manifest.json 404 in 49ms
 GET /manifest.json 404 in 172ms
 GET /manifest.json 404 in 99ms
 GET /manifest.json 404 in 55ms
 GET /manifest.json 404 in 51ms
 GET /manifest.json 404 in 53ms
 GET /manifest.json 404 in 54ms
 GET /manifest.json 404 in 51ms
 GET /manifest.json 404 in 56ms
 GET /manifest.json 404 in 55ms
 GET /manifest.json 404 in 51ms
 GET /manifest.json 404 in 52ms
 GET /manifest.json 404 in 48ms
 GET /manifest.json 404 in 51ms
 GET /manifest.json 404 in 47ms
 GET /manifest.json 404 in 50ms
 GET /manifest.json 404 in 46ms
 GET /manifest.json 404 in 61ms
 GET /manifest.json 404 in 223ms
 GET /manifest.json 404 in 309ms
 GET /manifest.json 404 in 52ms
 GET /manifest.json 404 in 68ms
 GET /manifest.json 404 in 281ms
 GET /manifest.json 404 in 50ms
 GET /manifest.json 404 in 50ms
 GET /manifest.json 404 in 51ms
 GET /manifest.json 404 in 52ms
 GET /manifest.json 404 in 50ms
 GET /manifest.json 404 in 72ms
 GET /manifest.json 404 in 71ms
 GET /manifest.json 404 in 61ms
 GET /manifest.json 404 in 161ms
 GET /manifest.json 404 in 61ms
 GET /manifest.json 404 in 56ms
 GET /manifest.json 404 in 164ms
 GET /manifest.json 404 in 114ms
 GET /manifest.json 404 in 49ms
 GET /manifest.json 404 in 55ms
 GET /manifest.json 404 in 47ms
 GET /manifest.json 404 in 57ms
 GET /manifest.json 404 in 58ms
 GET /manifest.json 404 in 155ms
 GET /manifest.json 404 in 76ms
 GET /manifest.json 404 in 65ms
 GET /manifest.json 404 in 53ms
 GET /manifest.json 404 in 55ms
 GET /manifest.json 404 in 60ms
 GET /manifest.json 404 in 59ms
 GET /manifest.json 404 in 51ms
 GET /manifest.json 404 in 45ms
 GET /manifest.json 404 in 51ms
 GET /manifest.json 404 in 50ms
 GET /manifest.json 404 in 45ms
 GET /manifest.json 404 in 52ms
 GET /manifest.json 404 in 67ms
 GET /manifest.json 404 in 49ms
 GET /manifest.json 404 in 54ms
 GET /manifest.json 404 in 57ms
 GET /manifest.json 404 in 55ms
 GET /manifest.json 404 in 53ms
 GET /manifest.json 404 in 54ms
 GET /manifest.json 404 in 46ms
 GET /manifest.json 404 in 62ms
 GET /manifest.json 404 in 65ms
 GET /manifest.json 404 in 148ms
 GET /manifest.json 404 in 60ms
 GET /manifest.json 404 in 62ms
 GET /manifest.json 404 in 49ms
 GET /manifest.json 404 in 51ms
 GET /manifest.json 404 in 48ms
 GET /manifest.json 404 in 54ms
 GET /manifest.json 404 in 49ms
 GET /manifest.json 404 in 53ms
 GET /manifest.json 404 in 63ms
 GET /manifest.json 404 in 50ms
 GET /manifest.json 404 in 48ms
 GET /manifest.json 404 in 55ms
 GET /manifest.json 404 in 58ms
 GET /manifest.json 404 in 76ms
 GET /manifest.json 404 in 53ms
 GET /manifest.json 404 in 49ms
 GET /manifest.json 404 in 49ms
 GET /manifest.json 404 in 46ms
 GET /manifest.json 404 in 53ms
 GET /manifest.json 404 in 46ms
 GET /manifest.json 404 in 47ms
 GET /manifest.json 404 in 62ms
 GET /manifest.json 404 in 88ms
 GET /manifest.json 404 in 255ms
 GET /manifest.json 404 in 52ms
 GET /manifest.json 404 in 53ms
 GET /manifest.json 404 in 58ms
 GET /manifest.json 404 in 52ms
 GET /manifest.json 404 in 60ms
 GET /manifest.json 404 in 97ms
 GET /manifest.json 404 in 63ms
 GET /manifest.json 404 in 56ms
 GET /manifest.json 404 in 51ms
 GET /manifest.json 404 in 52ms
 GET /manifest.json 404 in 48ms
 GET /manifest.json 404 in 50ms
 GET /manifest.json 404 in 52ms
 GET /manifest.json 404 in 48ms
 GET /manifest.json 404 in 50ms
 GET /manifest.json 404 in 48ms
 GET /manifest.json 404 in 47ms
 GET /manifest.json 404 in 45ms
 GET /manifest.json 404 in 53ms
 GET /manifest.json 404 in 47ms
 GET /manifest.json 404 in 50ms
 GET /manifest.json 404 in 79ms
 GET /manifest.json 404 in 43ms
 GET /manifest.json 404 in 58ms
 GET /manifest.json 404 in 50ms
 GET /manifest.json 404 in 52ms
 GET /manifest.json 404 in 49ms
 GET /manifest.json 404 in 52ms
 GET /manifest.json 404 in 53ms
 GET /manifest.json 404 in 48ms
 GET /manifest.json 404 in 53ms
 GET /manifest.json 404 in 53ms
 GET /manifest.json 404 in 49ms
 GET /manifest.json 404 in 86ms
 GET /manifest.json 404 in 42ms
 GET /manifest.json 404 in 51ms
 GET /manifest.json 404 in 51ms
 GET /manifest.json 404 in 55ms
 GET /manifest.json 404 in 53ms
 GET /manifest.json 404 in 53ms
 GET /manifest.json 404 in 51ms
 GET /manifest.json 404 in 50ms
 GET /manifest.json 404 in 45ms
 GET /manifest.json 404 in 44ms
 GET /manifest.json 404 in 144ms
 GET /manifest.json 404 in 57ms
 GET /manifest.json 404 in 99ms
 GET /manifest.json 404 in 68ms
 GET /manifest.json 404 in 64ms
 GET /manifest.json 404 in 62ms
 GET /manifest.json 404 in 46ms
 GET /manifest.json 404 in 49ms
 GET /manifest.json 404 in 55ms
 GET /manifest.json 404 in 66ms
 GET /manifest.json 404 in 53ms
 GET /manifest.json 404 in 107ms
 GET /manifest.json 404 in 44ms
 GET /manifest.json 404 in 47ms
 GET /manifest.json 404 in 52ms
 GET /manifest.json 404 in 47ms
 GET /manifest.json 404 in 45ms
 GET /manifest.json 404 in 48ms
 GET /manifest.json 404 in 45ms
 GET /manifest.json 404 in 49ms
 GET /manifest.json 404 in 48ms
 GET /manifest.json 404 in 47ms
 GET /manifest.json 404 in 58ms
 GET /manifest.json 404 in 78ms
 GET /manifest.json 404 in 228ms
 GET /manifest.json 404 in 96ms
 GET /manifest.json 404 in 51ms
 GET /manifest.json 404 in 51ms
 GET /manifest.json 404 in 51ms
 GET /manifest.json 404 in 50ms
 GET /manifest.json 404 in 49ms
 GET /manifest.json 404 in 54ms
 GET /manifest.json 404 in 83ms
 GET /manifest.json 404 in 53ms
 GET /manifest.json 404 in 58ms
 GET /manifest.json 404 in 56ms
 GET /manifest.json 404 in 65ms
 GET /manifest.json 404 in 62ms
 GET /manifest.json 404 in 55ms
 ✓ Compiled in 1797ms (1959 modules)
 ✓ Compiled in 620ms (1959 modules)
 GET /manifest.json 404 in 337ms
 GET /manifest.json 404 in 49ms
 GET /manifest.json 404 in 41ms
 GET /manifest.json 404 in 58ms
 GET /manifest.json 404 in 49ms
 GET /manifest.json 404 in 45ms
 GET /manifest.json 404 in 43ms
 GET /manifest.json 404 in 45ms
 GET /manifest.json 404 in 55ms
 GET /manifest.json 404 in 46ms
 GET /manifest.json 404 in 52ms
 GET /manifest.json 404 in 48ms
 GET /manifest.json 404 in 47ms
 GET /manifest.json 404 in 50ms
 GET /manifest.json 404 in 46ms
 GET /manifest.json 404 in 45ms
 GET /manifest.json 404 in 50ms
 GET /manifest.json 404 in 50ms
 GET /manifest.json 404 in 43ms
 GET /manifest.json 404 in 57ms
 GET /manifest.json 404 in 63ms
 GET /manifest.json 404 in 47ms
 GET /manifest.json 404 in 49ms
 GET /manifest.json 404 in 51ms
 GET /manifest.json 404 in 49ms
 GET /manifest.json 404 in 49ms
 GET /manifest.json 404 in 139ms
 GET /manifest.json 404 in 59ms
 GET /manifest.json 404 in 54ms
 GET /manifest.json 404 in 70ms
 GET /manifest.json 404 in 50ms
 GET /manifest.json 404 in 49ms
 GET /manifest.json 404 in 48ms
 GET /manifest.json 404 in 49ms
 GET /manifest.json 404 in 51ms
 GET /manifest.json 404 in 92ms
 GET /manifest.json 404 in 56ms
 GET /manifest.json 404 in 55ms
 GET /manifest.json 404 in 55ms
 GET /manifest.json 404 in 47ms
 GET /manifest.json 404 in 68ms
 GET /manifest.json 404 in 45ms
 GET /manifest.json 404 in 48ms
 GET /manifest.json 404 in 45ms
 GET /manifest.json 404 in 56ms
 GET /manifest.json 404 in 75ms
